[2020-05-29T09:39:24.933] [ERROR] mysql - { Error: Unknown database 'test-db'
    at Packet.asError (/Users/glasssix-ylc/Desktop/test-project/node-koa2/node_modules/mysql2/lib/packets/packet.js:712:17)
    at ClientHandshake.execute (/Users/glasssix-ylc/Desktop/test-project/node-koa2/node_modules/mysql2/lib/commands/command.js:28:26)
    at PoolConnection.handlePacket (/Users/glasssix-ylc/Desktop/test-project/node-koa2/node_modules/mysql2/lib/connection.js:417:32)
    at PacketParser.Connection.packetParser.p [as onPacket] (/Users/glasssix-ylc/Desktop/test-project/node-koa2/node_modules/mysql2/lib/connection.js:75:12)
    at PacketParser.executeStart (/Users/glasssix-ylc/Desktop/test-project/node-koa2/node_modules/mysql2/lib/packet_parser.js:75:16)
    at Socket.Connection.stream.on.data (/Users/glasssix-ylc/Desktop/test-project/node-koa2/node_modules/mysql2/lib/connection.js:82:25)
    at Socket.emit (events.js:198:13)
    at Socket.EventEmitter.emit (domain.js:448:20)
    at addChunk (_stream_readable.js:288:12)
    at readableAddChunk (_stream_readable.js:269:11)
  code: 'ER_BAD_DB_ERROR',
  errno: 1049,
  sqlState: '42000',
  sqlMessage: 'Unknown database \'test-db\'' }
[2020-05-29T09:42:47.774] [ERROR] mysql - { Error: Unknown database 'test-db'
    at Packet.asError (/Users/glasssix-ylc/Desktop/test-project/node-koa2/node_modules/mysql2/lib/packets/packet.js:712:17)
    at ClientHandshake.execute (/Users/glasssix-ylc/Desktop/test-project/node-koa2/node_modules/mysql2/lib/commands/command.js:28:26)
    at PoolConnection.handlePacket (/Users/glasssix-ylc/Desktop/test-project/node-koa2/node_modules/mysql2/lib/connection.js:417:32)
    at PacketParser.Connection.packetParser.p [as onPacket] (/Users/glasssix-ylc/Desktop/test-project/node-koa2/node_modules/mysql2/lib/connection.js:75:12)
    at PacketParser.executeStart (/Users/glasssix-ylc/Desktop/test-project/node-koa2/node_modules/mysql2/lib/packet_parser.js:75:16)
    at Socket.Connection.stream.on.data (/Users/glasssix-ylc/Desktop/test-project/node-koa2/node_modules/mysql2/lib/connection.js:82:25)
    at Socket.emit (events.js:198:13)
    at Socket.EventEmitter.emit (domain.js:448:20)
    at addChunk (_stream_readable.js:288:12)
    at readableAddChunk (_stream_readable.js:269:11)
  code: 'ER_BAD_DB_ERROR',
  errno: 1049,
  sqlState: '42000',
  sqlMessage: 'Unknown database \'test-db\'' }
[2020-05-29T09:42:57.891] [ERROR] mysql - { Error: Unknown database 'test-db'
    at Packet.asError (/Users/glasssix-ylc/Desktop/test-project/node-koa2/node_modules/mysql2/lib/packets/packet.js:712:17)
    at ClientHandshake.execute (/Users/glasssix-ylc/Desktop/test-project/node-koa2/node_modules/mysql2/lib/commands/command.js:28:26)
    at PoolConnection.handlePacket (/Users/glasssix-ylc/Desktop/test-project/node-koa2/node_modules/mysql2/lib/connection.js:417:32)
    at PacketParser.Connection.packetParser.p [as onPacket] (/Users/glasssix-ylc/Desktop/test-project/node-koa2/node_modules/mysql2/lib/connection.js:75:12)
    at PacketParser.executeStart (/Users/glasssix-ylc/Desktop/test-project/node-koa2/node_modules/mysql2/lib/packet_parser.js:75:16)
    at Socket.Connection.stream.on.data (/Users/glasssix-ylc/Desktop/test-project/node-koa2/node_modules/mysql2/lib/connection.js:82:25)
    at Socket.emit (events.js:198:13)
    at Socket.EventEmitter.emit (domain.js:448:20)
    at addChunk (_stream_readable.js:288:12)
    at readableAddChunk (_stream_readable.js:269:11)
  code: 'ER_BAD_DB_ERROR',
  errno: 1049,
  sqlState: '42000',
  sqlMessage: 'Unknown database \'test-db\'' }
[2020-05-29T10:02:45.614] [INFO] mysql - No classes were found using the provided glob pattern:  "../**/*.entity.ts"
[2020-05-29T10:19:40.187] [INFO] mysql - No classes were found using the provided glob pattern:  "./**/*.entity.ts"
[2020-05-29T10:19:43.824] [INFO] mysql - No classes were found using the provided glob pattern:  "./**/*.entity.ts"
[2020-05-29T10:19:53.297] [INFO] mysql - No classes were found using the provided glob pattern:  "./**/*.entity.ts"
[2020-05-29T10:21:11.286] [INFO] mysql - No classes were found using the provided glob pattern:  "./entities/**/*.entity.ts"
[2020-05-29T10:21:27.930] [INFO] mysql - No classes were found using the provided glob pattern:  "./entities/**/*.entity.ts"
[2020-05-29T10:22:53.298] [INFO] mysql - No classes were found using the provided glob pattern:  "./entities/**/*.entity.ts"
[2020-05-29T10:23:05.312] [INFO] mysql - No classes were found using the provided glob pattern:  "./entities/**/*.entity.ts"
[2020-05-29T10:23:25.796] [INFO] mysql - No classes were found using the provided glob pattern:  "./entities/**/*.entity.ts"
[2020-05-29T10:23:49.867] [INFO] mysql - No classes were found using the provided glob pattern:  "./entities/**/*.entity.ts"
[2020-05-29T10:24:27.905] [INFO] mysql - No classes were found using the provided glob pattern:  "./entities/**/*.entity.ts"
[2020-05-29T10:25:32.634] [INFO] mysql - No classes were found using the provided glob pattern:  "./entities/**/*.entity.ts"
[2020-05-29T10:27:36.078] [INFO] mysql - No classes were found using the provided glob pattern:  "./entities/**/*.entity.ts"
[2020-05-29T10:27:45.534] [INFO] mysql - No classes were found using the provided glob pattern:  "./entities/**/*.entity.ts"
[2020-05-29T10:28:22.615] [INFO] mysql - No classes were found using the provided glob pattern:  "../entities/**/*.entity.ts"
[2020-05-29T10:28:27.607] [INFO] mysql - No classes were found using the provided glob pattern:  "../entities/**/*.entity.ts"
[2020-05-29T10:30:55.106] [INFO] mysql - All classes found using provided glob pattern "../**/*.entity.ts" : "../node-koa2/src/entities/user/user.entity.ts"
[2020-05-29T10:30:55.453] [ERROR] mysql - { ColumnTypeUndefinedError: Column type for User#username is not defined and cannot be guessed. Make sure you have turned on an "emitDecoratorMetadata": true option in tsconfig.json. Also make sure you have imported "reflect-metadata" on top of the main entry file in your application (before any entity imported).If you are using JavaScript instead of TypeScript you must explicitly provide a column type.
    at new ColumnTypeUndefinedError (/Users/glasssix-ylc/Desktop/test-project/node-koa2/src/error/ColumnTypeUndefinedError.ts:9:9)
    at /Users/glasssix-ylc/Desktop/test-project/node-koa2/src/decorator/columns/Column.ts:139:23
    at DecorateProperty (/Users/glasssix-ylc/Desktop/test-project/node-koa2/node_modules/reflect-metadata/Reflect.js:553:33)
    at Object.decorate (/Users/glasssix-ylc/Desktop/test-project/node-koa2/node_modules/reflect-metadata/Reflect.js:123:24)
    at __decorate (/Users/glasssix-ylc/Desktop/test-project/node-koa2/src/entities/user/user.entity.ts:4:92)
    at User (/Users/glasssix-ylc/Desktop/test-project/node-koa2/src/entities/user/user.entity.ts:10:3)
    at Object.<anonymous> (/Users/glasssix-ylc/Desktop/test-project/node-koa2/src/entities/user/user.entity.ts:33:3)
    at Module._compile (internal/modules/cjs/loader.js:778:30)
    at Module.m._compile (/usr/local/lib/node_modules/ts-node/src/index.ts:858:23)
    at Module._extensions..js (internal/modules/cjs/loader.js:789:10)
  name: 'ColumnTypeUndefinedError',
  message:
   'Column type for User#username is not defined and cannot be guessed. Make sure you have turned on an "emitDecoratorMetadata": true option in tsconfig.json. Also make sure you have imported "reflect-metadata" on top of the main entry file in your application (before any entity imported).If you are using JavaScript instead of TypeScript you must explicitly provide a column type.' }
[2020-05-29T10:35:02.688] [INFO] mysql - All classes found using provided glob pattern "../**/*.entity.ts" : "../node-koa2/src/entities/user/user.entity.ts"
[2020-05-29T10:38:01.062] [INFO] mysql - All classes found using provided glob pattern "../**/*.entity.ts" : "../node-koa2/src/entities/user/user.entity.ts"
[2020-05-29T10:47:12.459] [INFO] mysql - All classes found using provided glob pattern "../**/*.entity.ts" : "../node-koa2/src/entities/user/user.entity.ts"
[2020-05-29T10:49:44.117] [INFO] mysql - All classes found using provided glob pattern "../**/*.entity.ts" : "../node-koa2/src/entities/user/user.entity.ts"
[2020-05-29T10:51:03.171] [INFO] mysql - All classes found using provided glob pattern "../**/*.entity.ts" : "../node-koa2/src/entities/user/user.entity.ts"
[2020-05-29T10:52:48.781] [INFO] mysql - All classes found using provided glob pattern "../**/*.entity.ts" : "../node-koa2/src/entities/user/user.entity.ts"
[2020-05-29T10:52:48.801] [INFO] mysql - START TRANSACTION
[2020-05-29T10:52:48.810] [INFO] mysql - INSERT INTO `user`(`id`, `username`, `password`, `createTime`, `updateTime`) VALUES (DEFAULT, ?, ?, DEFAULT, DEFAULT)
[2020-05-29T10:52:48.814] [ERROR] mysql - INSERT INTO `user`(`id`, `username`, `password`, `createTime`, `updateTime`) VALUES (DEFAULT, ?, ?, DEFAULT, DEFAULT) { Error: Table 'test-db.user' doesn't exist
    at Packet.asError (/Users/glasssix-ylc/Desktop/test-project/node-koa2/node_modules/mysql2/lib/packets/packet.js:712:17)
    at Query.execute (/Users/glasssix-ylc/Desktop/test-project/node-koa2/node_modules/mysql2/lib/commands/command.js:28:26)
    at PoolConnection.handlePacket (/Users/glasssix-ylc/Desktop/test-project/node-koa2/node_modules/mysql2/lib/connection.js:417:32)
    at PacketParser.Connection.packetParser.p [as onPacket] (/Users/glasssix-ylc/Desktop/test-project/node-koa2/node_modules/mysql2/lib/connection.js:75:12)
    at PacketParser.executeStart (/Users/glasssix-ylc/Desktop/test-project/node-koa2/node_modules/mysql2/lib/packet_parser.js:75:16)
    at Socket.Connection.stream.on.data (/Users/glasssix-ylc/Desktop/test-project/node-koa2/node_modules/mysql2/lib/connection.js:82:25)
    at Socket.emit (events.js:198:13)
    at Socket.EventEmitter.emit (domain.js:448:20)
    at addChunk (_stream_readable.js:288:12)
    at readableAddChunk (_stream_readable.js:269:11)
  code: 'ER_NO_SUCH_TABLE',
  errno: 1146,
  sqlState: '42S02',
  sqlMessage: 'Table \'test-db.user\' doesn\'t exist' }
[2020-05-29T10:52:48.820] [INFO] mysql - ROLLBACK
[2020-05-29T11:19:21.610] [INFO] mysql - All classes found using provided glob pattern "../**/*.entity.ts" : "../node-koa2/src/entities/user/user.entity.ts"
[2020-05-29T11:22:53.873] [INFO] mysql - All classes found using provided glob pattern "../**/*.entity.ts" : "../node-koa2/src/entities/user/user.entity.ts"
[2020-05-29T11:25:52.406] [INFO] mysql - All classes found using provided glob pattern "../**/*.entity.ts" : "../node-koa2/src/entities/user/user.entity.ts"
[2020-05-29T11:25:52.418] [INFO] mysql - START TRANSACTION
[2020-05-29T11:25:52.428] [INFO] mysql - SELECT DATABASE() AS `db_name`
[2020-05-29T11:25:52.434] [INFO] mysql - SELECT * FROM `INFORMATION_SCHEMA`.`TABLES` WHERE (`TABLE_SCHEMA` = 'test-db' AND `TABLE_NAME` = 'user')
[2020-05-29T11:25:52.434] [INFO] mysql - SELECT * FROM `INFORMATION_SCHEMA`.`COLUMNS` WHERE (`TABLE_SCHEMA` = 'test-db' AND `TABLE_NAME` = 'user')
[2020-05-29T11:25:52.435] [INFO] mysql - SELECT * FROM `INFORMATION_SCHEMA`.`KEY_COLUMN_USAGE` WHERE `CONSTRAINT_NAME` = 'PRIMARY' AND ((`TABLE_SCHEMA` = 'test-db' AND `TABLE_NAME` = 'user'))
[2020-05-29T11:25:52.435] [INFO] mysql - SELECT `SCHEMA_NAME`, `DEFAULT_CHARACTER_SET_NAME` as `CHARSET`, `DEFAULT_COLLATION_NAME` AS `COLLATION` FROM `INFORMATION_SCHEMA`.`SCHEMATA`
[2020-05-29T11:25:52.435] [INFO] mysql - SELECT `s`.* FROM `INFORMATION_SCHEMA`.`STATISTICS` `s` LEFT JOIN `INFORMATION_SCHEMA`.`REFERENTIAL_CONSTRAINTS` `rc` ON `s`.`INDEX_NAME` = `rc`.`CONSTRAINT_NAME` WHERE ((`s`.`TABLE_SCHEMA` = 'test-db' AND `s`.`TABLE_NAME` = 'user')) AND `s`.`INDEX_NAME` != 'PRIMARY' AND `rc`.`CONSTRAINT_NAME` IS NULL
[2020-05-29T11:25:52.436] [INFO] mysql - SELECT `kcu`.`TABLE_SCHEMA`, `kcu`.`TABLE_NAME`, `kcu`.`CONSTRAINT_NAME`, `kcu`.`COLUMN_NAME`, `kcu`.`REFERENCED_TABLE_SCHEMA`, `kcu`.`REFERENCED_TABLE_NAME`, `kcu`.`REFERENCED_COLUMN_NAME`, `rc`.`DELETE_RULE` `ON_DELETE`, `rc`.`UPDATE_RULE` `ON_UPDATE` FROM `INFORMATION_SCHEMA`.`KEY_COLUMN_USAGE` `kcu` INNER JOIN `INFORMATION_SCHEMA`.`REFERENTIAL_CONSTRAINTS` `rc` ON `rc`.`constraint_name` = `kcu`.`constraint_name` WHERE (`kcu`.`TABLE_SCHEMA` = 'test-db' AND `kcu`.`TABLE_NAME` = 'user')
[2020-05-29T11:25:52.546] [INFO] mysql - SELECT * FROM `INFORMATION_SCHEMA`.`COLUMNS` WHERE `TABLE_SCHEMA` = 'test-db' AND `TABLE_NAME` = 'typeorm_metadata'
[2020-05-29T11:25:52.551] [INFO] mysql - creating a new table: user
[2020-05-29T11:25:52.552] [INFO] mysql - CREATE TABLE `user` (`id` int NOT NULL AUTO_INCREMENT, `username` varchar(255) NOT NULL, `password` varchar(255) NOT NULL, `createTime` datetime(6) NOT NULL DEFAULT CURRENT_TIMESTAMP(6), `updateTime` datetime(6) NOT NULL DEFAULT CURRENT_TIMESTAMP(6), PRIMARY KEY (`id`)) ENGINE=InnoDB
[2020-05-29T11:25:52.581] [INFO] mysql - COMMIT
